Determining if the pthread_create exist failed with the following output:
Change Dir: /home/mithun/promp_codes/MPlib/build/catkin_tools_prebuild/CMakeFiles/CMakeTmp

Run Build Command:"/usr/bin/make" "cmTC_9b568/fast"
/usr/bin/make -f CMakeFiles/cmTC_9b568.dir/build.make CMakeFiles/cmTC_9b568.dir/build
make[1]: Entering directory '/home/mithun/promp_codes/MPlib/build/catkin_tools_prebuild/CMakeFiles/CMakeTmp'
Building C object CMakeFiles/cmTC_9b568.dir/CheckSymbolExists.c.o
/usr/bin/cc     -o CMakeFiles/cmTC_9b568.dir/CheckSymbolExists.c.o   -c /home/mithun/promp_codes/MPlib/build/catkin_tools_prebuild/CMakeFiles/CMakeTmp/CheckSymbolExists.c
Linking C executable cmTC_9b568
/usr/bin/cmake -E cmake_link_script CMakeFiles/cmTC_9b568.dir/link.txt --verbose=1
/usr/bin/cc       CMakeFiles/cmTC_9b568.dir/CheckSymbolExists.c.o  -o cmTC_9b568 -rdynamic 
CMakeFiles/cmTC_9b568.dir/CheckSymbolExists.c.o: In function `main':
CheckSymbolExists.c:(.text+0x16): undefined reference to `pthread_create'
collect2: error: ld returned 1 exit status
CMakeFiles/cmTC_9b568.dir/build.make:97: recipe for target 'cmTC_9b568' failed
make[1]: *** [cmTC_9b568] Error 1
make[1]: Leaving directory '/home/mithun/promp_codes/MPlib/build/catkin_tools_prebuild/CMakeFiles/CMakeTmp'
Makefile:126: recipe for target 'cmTC_9b568/fast' failed
make: *** [cmTC_9b568/fast] Error 2

File /home/mithun/promp_codes/MPlib/build/catkin_tools_prebuild/CMakeFiles/CMakeTmp/CheckSymbolExists.c:
/* */
#include <pthread.h>

int main(int argc, char** argv)
{
  (void)argv;
#ifndef pthread_create
  return ((int*)(&pthread_create))[argc];
#else
  (void)argc;
  return 0;
#endif
}

Determining if the function pthread_create exists in the pthreads failed with the following output:
Change Dir: /home/mithun/promp_codes/MPlib/build/catkin_tools_prebuild/CMakeFiles/CMakeTmp

Run Build Command:"/usr/bin/make" "cmTC_cd7ec/fast"
/usr/bin/make -f CMakeFiles/cmTC_cd7ec.dir/build.make CMakeFiles/cmTC_cd7ec.dir/build
make[1]: Entering directory '/home/mithun/promp_codes/MPlib/build/catkin_tools_prebuild/CMakeFiles/CMakeTmp'
Building C object CMakeFiles/cmTC_cd7ec.dir/CheckFunctionExists.c.o
/usr/bin/cc    -DCHECK_FUNCTION_EXISTS=pthread_create   -o CMakeFiles/cmTC_cd7ec.dir/CheckFunctionExists.c.o   -c /usr/share/cmake-3.5/Modules/CheckFunctionExists.c
Linking C executable cmTC_cd7ec
/usr/bin/cmake -E cmake_link_script CMakeFiles/cmTC_cd7ec.dir/link.txt --verbose=1
/usr/bin/cc   -DCHECK_FUNCTION_EXISTS=pthread_create    CMakeFiles/cmTC_cd7ec.dir/CheckFunctionExists.c.o  -o cmTC_cd7ec -rdynamic -lpthreads 
/usr/bin/ld: cannot find -lpthreads
collect2: error: ld returned 1 exit status
CMakeFiles/cmTC_cd7ec.dir/build.make:97: recipe for target 'cmTC_cd7ec' failed
make[1]: *** [cmTC_cd7ec] Error 1
make[1]: Leaving directory '/home/mithun/promp_codes/MPlib/build/catkin_tools_prebuild/CMakeFiles/CMakeTmp'
Makefile:126: recipe for target 'cmTC_cd7ec/fast' failed
make: *** [cmTC_cd7ec/fast] Error 2


